<?xml version="1.0" encoding="UTF-8"?>
<!-- Generated by org.testng.reporters.JUnitXMLReporter -->
<testsuite hostname="HP" ignored="0" name="Test" tests="13" failures="0" timestamp="2023-06-09T12:58:24 IST" time="19.185" errors="0">
  <testcase name="openBing" time="2.794" classname="Practice.BeforeAndAfterSuite"/>
  <testcase name="openGoogle" time="2.15" classname="Practice.BeforeAndAfterSuite"/>
  <testcase name="openYahoo" time="8.669" classname="Practice.BeforeAndAfterSuite"/>
  <testcase name="home" time="0.001" classname="Practice.Priority"/>
  <testcase name="playSchool" time="0.002" classname="Practice.Priority"/>
  <testcase name="playGround" time="0.001" classname="Practice.Priority"/>
  <testcase name="primarySchool" time="0.023" classname="Practice.Priority"/>
  <testcase name="secondarySchool" time="0.002" classname="Practice.Priority"/>
  <testcase name="college" time="0.001" classname="Practice.Priority"/>
  <testcase name="office" time="0.002" classname="Practice.Priority"/>
  <testcase name="readMultipleData" time="5.066" classname="Practice.ExcelConnect"/>
  <testcase name="readSingleData" time="0.098" classname="Practice.ExcelConnect"/>
  <testcase name="writeData" time="0.296" classname="Practice.ExcelConnect"/>
</testsuite> <!-- Test -->
